Start testing: Oct 17 20:02 CST
----------------------------------------------------------
1/1 Testing: GAbindTest.createInitialPopulationTest
1/1 Test: GAbindTest.createInitialPopulationTest
Command: "/home/littlelagi/OhMyGene/test/cpp/build/GAbind_test" "--gtest_filter=GAbindTest.createInitialPopulationTest" "--gtest_also_run_disabled_tests"
Directory: /home/littlelagi/OhMyGene/test/cpp/build
"GAbindTest.createInitialPopulationTest" start time: Oct 17 20:02 CST
Output:
----------------------------------------------------------
Note: Google Test filter = GAbindTest.createInitialPopulationTest
[==========] Running 1 test from 1 test suite.
[----------] Global test environment set-up.
[----------] 1 test from GAbindTest
[ RUN      ] GAbindTest.createInitialPopulationTest
[       OK ] GAbindTest.createInitialPopulationTest (0 ms)
[----------] 1 test from GAbindTest (0 ms total)

[----------] Global test environment tear-down
[==========] 1 test from 1 test suite ran. (0 ms total)
[  PASSED  ] 1 test.
<end of output>
Test time =   0.00 sec
----------------------------------------------------------
Test Passed.
"GAbindTest.createInitialPopulationTest" end time: Oct 17 20:02 CST
"GAbindTest.createInitialPopulationTest" time elapsed: 00:00:00
----------------------------------------------------------

End testing: Oct 17 20:02 CST
